commit 07d3cbef28f4b9158ea2a65fa5a404c8aac5c421
Author: brett78931 <brett78931@gmail.com>
Date:   Sun Apr 5 14:13:10 2020 -0400

    added new file to gitignore

 .gitignore | 1 +
 1 file changed, 1 insertion(+)

commit b7154e23b96fd277ea7392436dd3e6e7081cc0bf
Author: brett78931 <brett78931@gmail.com>
Date:   Sun Apr 5 14:10:09 2020 -0400

    added gitignore

 .gitignore | 1 +
 1 file changed, 1 insertion(+)

commit 7f8563e52d134f2d19d63eb284461e88bf45d953
Author: brett78931 <brett78931@gmail.com>
Date:   Sun Apr 5 13:48:46 2020 -0400

    added two files

 file1.txt  | 0
 file2.txt  | 0
 readme.txt | 1 +
 3 files changed, 1 insertion(+)

commit 1de2d74ba2fd7b3d4a01b086109861e3c7da499c
Author: brett78931 <brett78931@gmail.com>
Date:   Sun Apr 5 13:41:17 2020 -0400

    added readme.txt

 readme.txt | 1 +
 1 file changed, 1 insertion(+)
